03/05/2024 10:15:19 DEBUG TestNG:82 - suiteXmlPath: "C:\Users\User\AppData\Local\JetBrains\IntelliJIdea2023.3\temp-testng-customsuite.xml"
03/05/2024 10:15:20 DEBUG Graph:82 - [Graph] ADDING NODE TestBase.setUp()[pri:0, instance:null] -646600740
03/05/2024 10:15:20 DEBUG Graph:82 - [Graph] ================ SORTING
03/05/2024 10:15:20 DEBUG Graph:82 - [Graph] =============== DONE SORTING
03/05/2024 10:15:20 DEBUG Graph:82 - [Graph] ====== SORTED NODES
03/05/2024 10:15:20 DEBUG Graph:82 - [Graph] ====== END SORTED NODES
03/05/2024 10:15:20 DEBUG Graph:82 - [Graph] ADDING NODE TestBase.tearDown()[pri:0, instance:null] 1127959331
03/05/2024 10:15:20 DEBUG Graph:82 - [Graph] ================ SORTING
03/05/2024 10:15:20 DEBUG Graph:82 - [Graph] =============== DONE SORTING
03/05/2024 10:15:20 DEBUG Graph:82 - [Graph] ====== SORTED NODES
03/05/2024 10:15:20 DEBUG Graph:82 - [Graph] ====== END SORTED NODES
03/05/2024 10:15:20 DEBUG Graph:82 - [Graph] ADDING NODE TestBase.setUp()[pri:0, instance:com.w2a.testcases.test_AN_Sliders@6f27a732] -999884074
03/05/2024 10:15:20 DEBUG Graph:82 - [Graph] ================ SORTING
03/05/2024 10:15:20 DEBUG Graph:82 - [Graph] =============== DONE SORTING
03/05/2024 10:15:20 DEBUG Graph:82 - [Graph] ====== SORTED NODES
03/05/2024 10:15:20 DEBUG Graph:82 - [Graph] ====== END SORTED NODES
03/05/2024 10:15:20 DEBUG Graph:82 - [Graph] ADDING NODE test_AN_Sliders.testSliders()[pri:0, instance:com.w2a.testcases.test_AN_Sliders@6f27a732] -1022595528
03/05/2024 10:15:20 DEBUG Graph:82 - [Graph] ================ SORTING
03/05/2024 10:15:20 DEBUG Graph:82 - [Graph] =============== DONE SORTING
03/05/2024 10:15:20 DEBUG Graph:82 - [Graph] ====== SORTED NODES
03/05/2024 10:15:20 DEBUG Graph:82 - [Graph] ====== END SORTED NODES
03/05/2024 10:15:20 DEBUG Graph:82 - [Graph] ADDING NODE TestBase.tearDown()[pri:0, instance:com.w2a.testcases.test_AN_Sliders@6f27a732] -1823096721
03/05/2024 10:15:20 DEBUG Graph:82 - [Graph] ================ SORTING
03/05/2024 10:15:20 DEBUG Graph:82 - [Graph] =============== DONE SORTING
03/05/2024 10:15:20 DEBUG Graph:82 - [Graph] ====== SORTED NODES
03/05/2024 10:15:20 DEBUG Graph:82 - [Graph] ====== END SORTED NODES
03/05/2024 10:15:20  INFO Utils:112 - [TestNG] Running:
  C:\Users\User\AppData\Local\JetBrains\IntelliJIdea2023.3\temp-testng-customsuite.xml

03/05/2024 10:15:20 DEBUG TestBase:50 - Config file loaded!!!
03/05/2024 10:15:20 DEBUG TestBase:61 - OR file loaded!!!
03/05/2024 10:15:24 DEBUG TestBase:76 - Chrome launched!!!
03/05/2024 10:15:24  INFO TestBase:77 - This logs for info
03/05/2024 10:15:27 DEBUG TestBase:87 - Navitaed to!!!: https://practice-automation.com/
03/05/2024 10:15:27  INFO TestBase:22 - Inicia el Test-- testSliders
03/05/2024 10:15:33 DEBUG TestBase:35 - Finaliza el Test
03/05/2024 10:15:36  INFO TestBase:103 - Test execution completed
03/05/2024 10:20:31 DEBUG TestNG:82 - suiteXmlPath: "C:\Users\User\AppData\Local\JetBrains\IntelliJIdea2023.3\temp-testng-customsuite.xml"
03/05/2024 10:20:32 DEBUG Graph:82 - [Graph] ADDING NODE TestBase.setUp()[pri:0, instance:null] -646600740
03/05/2024 10:20:32 DEBUG Graph:82 - [Graph] ================ SORTING
03/05/2024 10:20:32 DEBUG Graph:82 - [Graph] =============== DONE SORTING
03/05/2024 10:20:32 DEBUG Graph:82 - [Graph] ====== SORTED NODES
03/05/2024 10:20:32 DEBUG Graph:82 - [Graph] ====== END SORTED NODES
03/05/2024 10:20:32 DEBUG Graph:82 - [Graph] ADDING NODE TestBase.tearDown()[pri:0, instance:null] 1127959331
03/05/2024 10:20:32 DEBUG Graph:82 - [Graph] ================ SORTING
03/05/2024 10:20:32 DEBUG Graph:82 - [Graph] =============== DONE SORTING
03/05/2024 10:20:32 DEBUG Graph:82 - [Graph] ====== SORTED NODES
03/05/2024 10:20:32 DEBUG Graph:82 - [Graph] ====== END SORTED NODES
03/05/2024 10:20:32 DEBUG Graph:82 - [Graph] ADDING NODE TestBase.setUp()[pri:0, instance:com.w2a.testcases.test_AN_Sliders@5552768b] -1433286097
03/05/2024 10:20:32 DEBUG Graph:82 - [Graph] ================ SORTING
03/05/2024 10:20:32 DEBUG Graph:82 - [Graph] =============== DONE SORTING
03/05/2024 10:20:32 DEBUG Graph:82 - [Graph] ====== SORTED NODES
03/05/2024 10:20:32 DEBUG Graph:82 - [Graph] ====== END SORTED NODES
03/05/2024 10:20:32 DEBUG Graph:82 - [Graph] ADDING NODE test_AN_Sliders.testSliders()[pri:0, instance:com.w2a.testcases.test_AN_Sliders@5552768b] -1455997551
03/05/2024 10:20:32 DEBUG Graph:82 - [Graph] ================ SORTING
03/05/2024 10:20:32 DEBUG Graph:82 - [Graph] =============== DONE SORTING
03/05/2024 10:20:32 DEBUG Graph:82 - [Graph] ====== SORTED NODES
03/05/2024 10:20:32 DEBUG Graph:82 - [Graph] ====== END SORTED NODES
03/05/2024 10:20:32 DEBUG Graph:82 - [Graph] ADDING NODE TestBase.tearDown()[pri:0, instance:com.w2a.testcases.test_AN_Sliders@5552768b] 2038468552
03/05/2024 10:20:32 DEBUG Graph:82 - [Graph] ================ SORTING
03/05/2024 10:20:32 DEBUG Graph:82 - [Graph] =============== DONE SORTING
03/05/2024 10:20:32 DEBUG Graph:82 - [Graph] ====== SORTED NODES
03/05/2024 10:20:32 DEBUG Graph:82 - [Graph] ====== END SORTED NODES
03/05/2024 10:20:32  INFO Utils:112 - [TestNG] Running:
  C:\Users\User\AppData\Local\JetBrains\IntelliJIdea2023.3\temp-testng-customsuite.xml

03/05/2024 10:20:32 DEBUG TestBase:50 - Config file loaded!!!
03/05/2024 10:20:32 DEBUG TestBase:61 - OR file loaded!!!
03/05/2024 10:20:37 DEBUG TestBase:76 - Chrome launched!!!
03/05/2024 10:20:37  INFO TestBase:77 - This logs for info
03/05/2024 10:20:39 DEBUG TestBase:87 - Navitaed to!!!: https://practice-automation.com/
03/05/2024 10:20:40  INFO TestBase:22 - Inicia el Test-- testSliders
03/05/2024 10:20:46 DEBUG TestBase:35 - Finaliza el Test
03/05/2024 10:20:48  INFO TestBase:103 - Test execution completed
03/05/2024 10:25:00 DEBUG TestNG:82 - suiteXmlPath: "C:\Users\User\AppData\Local\JetBrains\IntelliJIdea2023.3\temp-testng-customsuite.xml"
03/05/2024 10:25:02 DEBUG Graph:82 - [Graph] ADDING NODE TestBase.setUp()[pri:0, instance:null] -646600740
03/05/2024 10:25:02 DEBUG Graph:82 - [Graph] ================ SORTING
03/05/2024 10:25:02 DEBUG Graph:82 - [Graph] =============== DONE SORTING
03/05/2024 10:25:02 DEBUG Graph:82 - [Graph] ====== SORTED NODES
03/05/2024 10:25:02 DEBUG Graph:82 - [Graph] ====== END SORTED NODES
03/05/2024 10:25:02 DEBUG Graph:82 - [Graph] ADDING NODE TestBase.tearDown()[pri:0, instance:null] 1127959331
03/05/2024 10:25:02 DEBUG Graph:82 - [Graph] ================ SORTING
03/05/2024 10:25:02 DEBUG Graph:82 - [Graph] =============== DONE SORTING
03/05/2024 10:25:02 DEBUG Graph:82 - [Graph] ====== SORTED NODES
03/05/2024 10:25:02 DEBUG Graph:82 - [Graph] ====== END SORTED NODES
03/05/2024 10:25:02 DEBUG Graph:82 - [Graph] ADDING NODE TestBase.setUp()[pri:0, instance:com.w2a.testcases.test_AN_Sliders@31f9b85e] -2026304510
03/05/2024 10:25:02 DEBUG Graph:82 - [Graph] ================ SORTING
03/05/2024 10:25:02 DEBUG Graph:82 - [Graph] =============== DONE SORTING
03/05/2024 10:25:02 DEBUG Graph:82 - [Graph] ====== SORTED NODES
03/05/2024 10:25:02 DEBUG Graph:82 - [Graph] ====== END SORTED NODES
03/05/2024 10:25:02 DEBUG Graph:82 - [Graph] ADDING NODE test_AN_Sliders.testSliders()[pri:0, instance:com.w2a.testcases.test_AN_Sliders@31f9b85e] -2049015964
03/05/2024 10:25:02 DEBUG Graph:82 - [Graph] ================ SORTING
03/05/2024 10:25:02 DEBUG Graph:82 - [Graph] =============== DONE SORTING
03/05/2024 10:25:02 DEBUG Graph:82 - [Graph] ====== SORTED NODES
03/05/2024 10:25:02 DEBUG Graph:82 - [Graph] ====== END SORTED NODES
03/05/2024 10:25:02 DEBUG Graph:82 - [Graph] ADDING NODE TestBase.tearDown()[pri:0, instance:com.w2a.testcases.test_AN_Sliders@31f9b85e] 1445450139
03/05/2024 10:25:02 DEBUG Graph:82 - [Graph] ================ SORTING
03/05/2024 10:25:02 DEBUG Graph:82 - [Graph] =============== DONE SORTING
03/05/2024 10:25:02 DEBUG Graph:82 - [Graph] ====== SORTED NODES
03/05/2024 10:25:02 DEBUG Graph:82 - [Graph] ====== END SORTED NODES
03/05/2024 10:25:02  INFO Utils:112 - [TestNG] Running:
  C:\Users\User\AppData\Local\JetBrains\IntelliJIdea2023.3\temp-testng-customsuite.xml

03/05/2024 10:25:02 DEBUG TestBase:50 - Config file loaded!!!
03/05/2024 10:25:02 DEBUG TestBase:61 - OR file loaded!!!
03/05/2024 10:25:06 DEBUG TestBase:76 - Chrome launched!!!
03/05/2024 10:25:06  INFO TestBase:77 - This logs for info
03/05/2024 10:25:09 DEBUG TestBase:87 - Navitaed to!!!: https://practice-automation.com/
03/05/2024 10:25:09  INFO TestBase:22 - Inicia el Test-- testSliders
03/05/2024 10:25:15 DEBUG TestBase:35 - Finaliza el Test
03/05/2024 10:25:16  INFO TestBase:103 - Test execution completed
