03/05/2024 09:51:58 DEBUG TestNG:82 - suiteXmlPath: "C:\Users\User\AppData\Local\JetBrains\IntelliJIdea2023.3\temp-testng-customsuite.xml"
03/05/2024 09:51:59 DEBUG Graph:82 - [Graph] ADDING NODE TestBase.setUp()[pri:0, instance:null] -646600740
03/05/2024 09:51:59 DEBUG Graph:82 - [Graph] ================ SORTING
03/05/2024 09:51:59 DEBUG Graph:82 - [Graph] =============== DONE SORTING
03/05/2024 09:51:59 DEBUG Graph:82 - [Graph] ====== SORTED NODES
03/05/2024 09:51:59 DEBUG Graph:82 - [Graph] ====== END SORTED NODES
03/05/2024 09:51:59 DEBUG Graph:82 - [Graph] ADDING NODE TestBase.tearDown()[pri:0, instance:null] 1127959331
03/05/2024 09:51:59 DEBUG Graph:82 - [Graph] ================ SORTING
03/05/2024 09:51:59 DEBUG Graph:82 - [Graph] =============== DONE SORTING
03/05/2024 09:51:59 DEBUG Graph:82 - [Graph] ====== SORTED NODES
03/05/2024 09:51:59 DEBUG Graph:82 - [Graph] ====== END SORTED NODES
03/05/2024 09:51:59 DEBUG Graph:82 - [Graph] ADDING NODE TestBase.setUp()[pri:0, instance:com.w2a.testcases.test_AN_Sliders@2525ff7e] 2053460770
03/05/2024 09:51:59 DEBUG Graph:82 - [Graph] ================ SORTING
03/05/2024 09:51:59 DEBUG Graph:82 - [Graph] =============== DONE SORTING
03/05/2024 09:51:59 DEBUG Graph:82 - [Graph] ====== SORTED NODES
03/05/2024 09:51:59 DEBUG Graph:82 - [Graph] ====== END SORTED NODES
03/05/2024 09:51:59 DEBUG Graph:82 - [Graph] ADDING NODE test_AN_Sliders.testSliders()[pri:0, instance:com.w2a.testcases.test_AN_Sliders@2525ff7e] 2030749316
03/05/2024 09:51:59 DEBUG Graph:82 - [Graph] ================ SORTING
03/05/2024 09:51:59 DEBUG Graph:82 - [Graph] =============== DONE SORTING
03/05/2024 09:51:59 DEBUG Graph:82 - [Graph] ====== SORTED NODES
03/05/2024 09:51:59 DEBUG Graph:82 - [Graph] ====== END SORTED NODES
03/05/2024 09:51:59 DEBUG Graph:82 - [Graph] ADDING NODE TestBase.tearDown()[pri:0, instance:com.w2a.testcases.test_AN_Sliders@2525ff7e] 1230248123
03/05/2024 09:51:59 DEBUG Graph:82 - [Graph] ================ SORTING
03/05/2024 09:51:59 DEBUG Graph:82 - [Graph] =============== DONE SORTING
03/05/2024 09:51:59 DEBUG Graph:82 - [Graph] ====== SORTED NODES
03/05/2024 09:51:59 DEBUG Graph:82 - [Graph] ====== END SORTED NODES
03/05/2024 09:51:59  INFO Utils:112 - [TestNG] Running:
  C:\Users\User\AppData\Local\JetBrains\IntelliJIdea2023.3\temp-testng-customsuite.xml

03/05/2024 09:51:59 DEBUG TestBase:50 - Config file loaded!!!
03/05/2024 09:51:59 DEBUG TestBase:61 - OR file loaded!!!
03/05/2024 09:52:03 DEBUG TestBase:76 - Chrome launched!!!
03/05/2024 09:52:03  INFO TestBase:77 - This logs for info
03/05/2024 09:52:06 DEBUG TestBase:87 - Navitaed to!!!: https://practice-automation.com/
03/05/2024 09:52:06  INFO TestBase:22 - Inicia el Test-- testSliders
03/05/2024 09:52:12 DEBUG TestBase:35 - Finaliza el Test
03/05/2024 09:52:14  INFO TestBase:103 - Test execution completed
